[00:17:45] [main/INFO]: ModLauncher running: args [--username, Ve_iR, --version, forge-47.3.0, --gameDir, C:\Users\caela\curseforge\minecraft\Instances\Crackcraft, --assetsDir, C:\Users\caela\curseforge\minecraft\Install\assets, --assetIndex, 5, --uuid, 387ff9dfe3294407bb184d320b793e16, --accessToken, ????????, --clientId, OGM5ZTA5ZGMtZGI5OC00NzhkLWEzNzgtZjZjNDEwMDk1Mjg2, --xuid, 2535472296987730, --userType, msa, --versionType, release, --width, 1024, --height, 768, --quickPlayPath, C:\Users\caela\curseforge\minecraft\Install\quickPlay\java\1736432262944.json, --launchTarget, forgeclient, --fml.forgeVersion, 47.3.0, --fml.mcVersion, 1.20.1, --fml.forgeGroup, net.minecraftforge, --fml.mcpVersion, 20230612.114412]
[00:17:45] [main/INFO]: ModLauncher 10.0.9+10.0.9+main.dcd20f30 starting: java version 17.0.8 by Microsoft; OS Windows 11 arch amd64 version 10.0
[00:17:46] [main/INFO]: Loading ImmediateWindowProvider fmlearlywindow
[00:17:46] [main/INFO]: Trying GL version 4.6
[00:17:47] [main/INFO]: Requested GL version 4.6 got version 4.6
[00:17:47] [main/INFO]: SpongePowered MIXIN Subsystem Version=0.8.5 Source=union:/C:/Users/caela/curseforge/minecraft/Install/libraries/org/spongepowered/mixin/0.8.5/mixin-0.8.5.jar%23100!/ Service=ModLauncher Env=CLIENT
[00:17:47] [pool-2-thread-1/INFO]: GL info: NVIDIA GeForce RTX 3050/PCIe/SSE2 GL version 4.6.0 NVIDIA 565.90, NVIDIA Corporation
[00:17:47] [main/INFO]: Found mod file AdvancementPlaques-1.20.1-forge-1.6.7.jar of type MOD with provider {mods folder locator at C:\Users\caela\curseforge\minecraft\Instances\Crackcraft\mods}
[00:17:47] [main/INFO]: Found mod file AgeOfWeapons-Reforged-1.20.x-(v.1.3.1b).jar of type MOD with provider {mods folder locator at C:\Users\caela\curseforge\minecraft\Instances\Crackcraft\mods}
[00:17:47] [main/INFO]: Found mod file amendments-1.20-1.2.14.jar of type MOD with provider {mods folder locator at C:\Users\caela\curseforge\minecraft\Instances\Crackcraft\mods}
[00:17:47] [main/INFO]: Found mod file Apotheosis-1.20.1-7.4.3.jar of type MOD with provider {mods folder locator at C:\Users\caela\curseforge\minecraft\Instances\Crackcraft\mods}
[00:17:47] [main/INFO]: Found mod file ApothicAttributes-1.20.1-1.3.7.jar of type MOD with provider {mods folder locator at C:\Users\caela\curseforge\minecraft\Instances\Crackcraft\mods}
[00:17:47] [main/INFO]: Found mod file balm-forge-1.20.1-7.3.10-all.jar of type MOD with provider {mods folder locator at C:\Users\caela\curseforge\minecraft\Instances\Crackcraft\mods}
[00:17:47] [main/INFO]: Found mod file bettercombat-forge-1.8.6+1.20.1.jar of type MOD with provider {mods folder locator at C:\Users\caela\curseforge\minecraft\Instances\Crackcraft\mods}
[00:17:47] [main/INFO]: Found mod file Botania-1.20.1-446-FORGE.jar of type MOD with provider {mods folder locator at C:\Users\caela\curseforge\minecraft\Instances\Crackcraft\mods}
[00:17:47] [main/INFO]: Found mod file caelus-forge-3.2.0+1.20.1.jar of type MOD with provider {mods folder locator at C:\Users\caela\curseforge\minecraft\Instances\Crackcraft\mods}
[00:17:47] [main/INFO]: Found mod file carryon-forge-1.20.1-2.1.2.7.jar of type MOD with provider {mods folder locator at C:\Users\caela\curseforge\minecraft\Instances\Crackcraft\mods}
[00:17:47] [main/INFO]: Found mod file cherishedworlds-forge-6.1.7+1.20.1.jar of type MOD with provider {mods folder locator at C:\Users\caela\curseforge\minecraft\Instances\Crackcraft\mods}
[00:17:47] [main/INFO]: Found mod file cloth-config-11.1.136-forge.jar of type MOD with provider {mods folder locator at C:\Users\caela\curseforge\minecraft\Instances\Crackcraft\mods}
[00:17:47] [main/INFO]: Found mod file crafting-on-a-stick-1.20.1-1.1.5.jar of type MOD with provider {mods folder locator at C:\Users\caela\curseforge\minecraft\Instances\Crackcraft\mods}
[00:17:47] [main/INFO]: Found mod file create-1.20.1-0.5.1.j.jar of type MOD with provider {mods folder locator at C:\Users\caela\curseforge\minecraft\Instances\Crackcraft\mods}
[00:17:47] [main/INFO]: Found mod file create_central_kitchen-1.20.1-for-create-0.5.1.f-1.3.12.jar of type MOD with provider {mods folder locator at C:\Users\caela\curseforge\minecraft\Instances\Crackcraft\mods}
[00:17:47] [main/INFO]: Found mod file Croptopia-1.20.1-FORGE-3.0.4.jar of type MOD with provider {mods folder locator at C:\Users\caela\curseforge\minecraft\Instances\Crackcraft\mods}
[00:17:47] [main/INFO]: Found mod file curios-forge-5.11.1+1.20.1.jar of type MOD with provider {mods folder locator at C:\Users\caela\curseforge\minecraft\Instances\Crackcraft\mods}
[00:17:47] [main/INFO]: Found mod file easy-villagers-forge-1.20.1-1.1.23.jar of type MOD with provider {mods folder locator at C:\Users\caela\curseforge\minecraft\Instances\Crackcraft\mods}
[00:17:47] [main/INFO]: Found mod file elytraslot-forge-6.4.4+1.20.1.jar of type MOD with provider {mods folder locator at C:\Users\caela\curseforge\minecraft\Instances\Crackcraft\mods}
[00:17:47] [main/INFO]: Found mod file EpheroLib-1.20.1-FORGE-1.2.0.jar of type MOD with provider {mods folder locator at C:\Users\caela\curseforge\minecraft\Instances\Crackcraft\mods}
[00:17:47] [main/INFO]: Found mod file epic_stats_mod_remastered-1.1.9.9 Hotfix-forge-1.20.1.jar of type MOD with provider {mods folder locator at C:\Users\caela\curseforge\minecraft\Instances\Crackcraft\mods}
[00:17:47] [main/INFO]: Found mod file fusion-1.2.0-forge-mc1.20.1.jar of type MOD with provider {mods folder locator at C:\Users\caela\curseforge\minecraft\Instances\Crackcraft\mods}
[00:17:47] [main/INFO]: Found mod file geckolib-forge-1.20.1-4.7.jar of type MOD with provider {mods folder locator at C:\Users\caela\curseforge\minecraft\Instances\Crackcraft\mods}
[00:17:47] [main/INFO]: Found mod file GlitchCore-forge-1.20.1-0.0.1.1.jar of type MOD with provider {mods folder locator at C:\Users\caela\curseforge\minecraft\Instances\Crackcraft\mods}
[00:17:47] [main/INFO]: Found mod file handcrafted-forge-1.20.1-3.0.6.jar of type MOD with provider {mods folder locator at C:\Users\caela\curseforge\minecraft\Instances\Crackcraft\mods}
[00:17:47] [main/INFO]: Found mod file Iceberg-1.20.1-forge-1.1.25.jar of type MOD with provider {mods folder locator at C:\Users\caela\curseforge\minecraft\Instances\Crackcraft\mods}
[00:17:47] [main/INFO]: Found mod file ironfurnaces-1.20.1-4.1.6.jar of type MOD with provider {mods folder locator at C:\Users\caela\curseforge\minecraft\Instances\Crackcraft\mods}
[00:17:47] [main/INFO]: Found mod file irons_spellbooks-1.20.1-3.4.0.7.jar of type MOD with provider {mods folder locator at C:\Users\caela\curseforge\minecraft\Instances\Crackcraft\mods}
[00:17:47] [main/INFO]: Found mod file Jade-1.20.1-Forge-11.12.2.jar of type MOD with provider {mods folder locator at C:\Users\caela\curseforge\minecraft\Instances\Crackcraft\mods}
[00:17:47] [main/INFO]: Found mod file jei-1.20.1-forge-15.20.0.105.jar of type MOD with provider {mods folder locator at C:\Users\caela\curseforge\minecraft\Instances\Crackcraft\mods}
[00:17:47] [main/INFO]: Found mod file kotlinforforge-4.11.0-all.jar of type LIBRARY with provider {mods folder locator at C:\Users\caela\curseforge\minecraft\Instances\Crackcraft\mods}
[00:17:47] [main/INFO]: Found mod file L_Enders_Cataclysm-2.35- 1.20.1.jar of type MOD with provider {mods folder locator at C:\Users\caela\curseforge\minecraft\Instances\Crackcraft\mods}
[00:17:47] [main/INFO]: Found mod file lionfishapi-2.4-Fix.jar of type MOD with provider {mods folder locator at C:\Users\caela\curseforge\minecraft\Instances\Crackcraft\mods}
[00:17:47] [main/INFO]: Found mod file moonlight-1.20-2.13.46-forge.jar of type MOD with provider {mods folder locator at C:\Users\caela\curseforge\minecraft\Instances\Crackcraft\mods}
[00:17:47] [main/INFO]: Found mod file oculus-mc1.20.1-1.8.0.jar of type MOD with provider {mods folder locator at C:\Users\caela\curseforge\minecraft\Instances\Crackcraft\mods}
[00:17:47] [main/INFO]: Found mod file Patchouli-1.20.1-84-FORGE.jar of type MOD with provider {mods folder locator at C:\Users\caela\curseforge\minecraft\Instances\Crackcraft\mods}
[00:17:47] [main/INFO]: Found mod file Placebo-1.20.1-8.6.2.jar of type MOD with provider {mods folder locator at C:\Users\caela\curseforge\minecraft\Instances\Crackcraft\mods}
[00:17:47] [main/INFO]: Found mod file player-animation-lib-forge-1.0.2-rc1+1.20.jar of type MOD with provider {mods folder locator at C:\Users\caela\curseforge\minecraft\Instances\Crackcraft\mods}
[00:17:47] [main/INFO]: Found mod file rechiseled-1.1.6-forge-mc1.20.jar of type MOD with provider {mods folder locator at C:\Users\caela\curseforge\minecraft\Instances\Crackcraft\mods}
[00:17:47] [main/INFO]: Found mod file resourcefullib-forge-1.20.1-2.1.29.jar of type MOD with provider {mods folder locator at C:\Users\caela\curseforge\minecraft\Instances\Crackcraft\mods}
[00:17:47] [main/INFO]: Found mod file scattered_weapons-1.20.1.jar of type MOD with provider {mods folder locator at C:\Users\caela\curseforge\minecraft\Instances\Crackcraft\mods}
[00:17:47] [main/INFO]: Found mod file Simple Weapons 1.4.5 - 1.20.1.jar of type MOD with provider {mods folder locator at C:\Users\caela\curseforge\minecraft\Instances\Crackcraft\mods}
[00:17:47] [main/INFO]: Found mod file skinlayers3d-forge-1.7.4-mc1.20.1.jar of type MOD with provider {mods folder locator at C:\Users\caela\curseforge\minecraft\Instances\Crackcraft\mods}
[00:17:47] [main/INFO]: Found mod file sliceanddice-forge-3.3.0.jar of type MOD with provider {mods folder locator at C:\Users\caela\curseforge\minecraft\Instances\Crackcraft\mods}
[00:17:47] [main/INFO]: Found mod file sophisticatedbackpacks-1.20.1-3.22.0.1165.jar of type MOD with provider {mods folder locator at C:\Users\caela\curseforge\minecraft\Instances\Crackcraft\mods}
[00:17:47] [main/INFO]: Found mod file sophisticatedcore-1.20.1-1.1.1.832.jar of type MOD with provider {mods folder locator at C:\Users\caela\curseforge\minecraft\Instances\Crackcraft\mods}
[00:17:47] [main/INFO]: Found mod file sophisticatedstorage-1.20.1-1.1.0.1009.jar of type MOD with provider {mods folder locator at C:\Users\caela\curseforge\minecraft\Instances\Crackcraft\mods}
[00:17:47] [main/INFO]: Found mod file Steam_Rails-1.6.7+forge-mc1.20.1.jar of type MOD with provider {mods folder locator at C:\Users\caela\curseforge\minecraft\Instances\Crackcraft\mods}
[00:17:47] [main/INFO]: Found mod file supermartijn642configlib-1.1.8-forge-mc1.20.jar of type MOD with provider {mods folder locator at C:\Users\caela\curseforge\minecraft\Instances\Crackcraft\mods}
[00:17:47] [main/INFO]: Found mod file supermartijn642corelib-1.1.18-forge-mc1.20.1.jar of type MOD with provider {mods folder locator at C:\Users\caela\curseforge\minecraft\Instances\Crackcraft\mods}
[00:17:47] [main/INFO]: Found mod file supplementaries-1.20-3.1.11.jar of type MOD with provider {mods folder locator at C:\Users\caela\curseforge\minecraft\Instances\Crackcraft\mods}
[00:17:47] [main/INFO]: Found mod file TerraBlender-forge-1.20.1-3.0.1.7.jar of type MOD with provider {mods folder locator at C:\Users\caela\curseforge\minecraft\Instances\Crackcraft\mods}
[00:17:47] [main/INFO]: Found mod file Terralith_1.20.x_v2.5.4.jar of type MOD with provider {mods folder locator at C:\Users\caela\curseforge\minecraft\Instances\Crackcraft\mods}
[00:17:47] [main/INFO]: Found mod file waystones-forge-1.20-14.1.6.jar of type MOD with provider {mods folder locator at C:\Users\caela\curseforge\minecraft\Instances\Crackcraft\mods}
[00:17:47] [main/INFO]: Found mod file Xaeros_Minimap_24.7.1_Forge_1.20.jar of type MOD with provider {mods folder locator at C:\Users\caela\curseforge\minecraft\Instances\Crackcraft\mods}
[00:17:47] [main/INFO]: Found mod file XaerosWorldMap_1.39.2_Forge_1.20.jar of type MOD with provider {mods folder locator at C:\Users\caela\curseforge\minecraft\Instances\Crackcraft\mods}
[00:17:47] [main/WARN]: Mod file C:\Users\caela\curseforge\minecraft\Install\libraries\net\minecraftforge\fmlcore\1.20.1-47.3.0\fmlcore-1.20.1-47.3.0.jar is missing mods.toml file
[00:17:48] [main/WARN]: Mod file C:\Users\caela\curseforge\minecraft\Install\libraries\net\minecraftforge\javafmllanguage\1.20.1-47.3.0\javafmllanguage-1.20.1-47.3.0.jar is missing mods.toml file
[00:17:48] [main/WARN]: Mod file C:\Users\caela\curseforge\minecraft\Install\libraries\net\minecraftforge\lowcodelanguage\1.20.1-47.3.0\lowcodelanguage-1.20.1-47.3.0.jar is missing mods.toml file
[00:17:48] [main/WARN]: Mod file C:\Users\caela\curseforge\minecraft\Install\libraries\net\minecraftforge\mclanguage\1.20.1-47.3.0\mclanguage-1.20.1-47.3.0.jar is missing mods.toml file
[00:17:48] [main/INFO]: Found mod file fmlcore-1.20.1-47.3.0.jar of type LIBRARY with provider net.minecraftforge.fml.loading.moddiscovery.MinecraftLocator@1dbb650b
[00:17:48] [main/INFO]: Found mod file javafmllanguage-1.20.1-47.3.0.jar of type LANGPROVIDER with provider net.minecraftforge.fml.loading.moddiscovery.MinecraftLocator@1dbb650b
[00:17:48] [main/INFO]: Found mod file lowcodelanguage-1.20.1-47.3.0.jar of type LANGPROVIDER with provider net.minecraftforge.fml.loading.moddiscovery.MinecraftLocator@1dbb650b
[00:17:48] [main/INFO]: Found mod file mclanguage-1.20.1-47.3.0.jar of type LANGPROVIDER with provider net.minecraftforge.fml.loading.moddiscovery.MinecraftLocator@1dbb650b
[00:17:48] [main/INFO]: Found mod file client-1.20.1-20230612.114412-srg.jar of type MOD with provider net.minecraftforge.fml.loading.moddiscovery.MinecraftLocator@1dbb650b
[00:17:48] [main/INFO]: Found mod file forge-1.20.1-47.3.0-universal.jar of type MOD with provider net.minecraftforge.fml.loading.moddiscovery.MinecraftLocator@1dbb650b
[00:17:48] [main/WARN]: Attempted to select two dependency jars from JarJar which have the same identification: Mod File:  and Mod File: . Using Mod File: 
[00:17:48] [main/INFO]: Found 15 dependencies adding them to mods collection
[00:17:48] [main/INFO]: Found mod file mixinextras-forge-0.3.6.jar of type GAMELIBRARY with provider net.minecraftforge.fml.loading.moddiscovery.JarInJarDependencyLocator@68577ba8
[00:17:48] [main/INFO]: Found mod file MixinExtras-0.3.6.jar of type GAMELIBRARY with provider net.minecraftforge.fml.loading.moddiscovery.JarInJarDependencyLocator@68577ba8
[00:17:48] [main/INFO]: Found mod file kuma-api-forge-20.1.9-SNAPSHOT.jar of type MOD with provider net.minecraftforge.fml.loading.moddiscovery.JarInJarDependencyLocator@68577ba8
[00:17:48] [main/INFO]: Found mod file create_dragon_lib-1.20.1-1.4.3.jar of type MOD with provider net.minecraftforge.fml.loading.moddiscovery.JarInJarDependencyLocator@68577ba8
[00:17:48] [main/INFO]: Found mod file mixinsquared-forge-0.1.2-beta.6.jar of type GAMELIBRARY with provider net.minecraftforge.fml.loading.moddiscovery.JarInJarDependencyLocator@68577ba8
[00:17:48] [main/INFO]: Found mod file yabn-1.0.3.jar of type GAMELIBRARY with provider net.minecraftforge.fml.loading.moddiscovery.JarInJarDependencyLocator@68577ba8
[00:17:48] [main/INFO]: Found mod file kfflang-4.11.0.jar of type LANGPROVIDER with provider net.minecraftforge.fml.loading.moddiscovery.JarInJarDependencyLocator@68577ba8
[00:17:48] [main/INFO]: Found mod file Registrate-MC1.20-1.3.3.jar of type GAMELIBRARY with provider net.minecraftforge.fml.loading.moddiscovery.JarInJarDependencyLocator@68577ba8
[00:17:48] [main/INFO]: Found mod file mclib-20.jar of type GAMELIBRARY with provider net.minecraftforge.fml.loading.moddiscovery.JarInJarDependencyLocator@68577ba8
[00:17:48] [main/INFO]: Found mod file kfflib-4.11.0.jar of type GAMELIBRARY with provider net.minecraftforge.fml.loading.moddiscovery.JarInJarDependencyLocator@68577ba8
[00:17:48] [main/INFO]: Found mod file kffmod-4.11.0.jar of type MOD with provider net.minecraftforge.fml.loading.moddiscovery.JarInJarDependencyLocator@68577ba8
[00:17:48] [main/INFO]: Found mod file bytecodecs-1.0.2.jar of type GAMELIBRARY with provider net.minecraftforge.fml.loading.moddiscovery.JarInJarDependencyLocator@68577ba8
[00:17:48] [main/INFO]: Found mod file flywheel-forge-1.20.1-0.6.11-13.jar of type MOD with provider net.minecraftforge.fml.loading.moddiscovery.JarInJarDependencyLocator@68577ba8
[00:17:48] [main/INFO]: Found mod file MixinSquared-0.1.2-beta.6.jar of type GAMELIBRARY with provider net.minecraftforge.fml.loading.moddiscovery.JarInJarDependencyLocator@68577ba8
[00:17:48] [main/INFO]: Found mod file jcpp-1.4.14.jar of type GAMELIBRARY with provider net.minecraftforge.fml.loading.moddiscovery.JarInJarDependencyLocator@68577ba8
[00:17:50] [main/INFO]: Compatibility level set to JAVA_17
[00:17:50] [main/INFO]: Launching target 'forgeclient' with arguments [--version, forge-47.3.0, --gameDir, C:\Users\caela\curseforge\minecraft\Instances\Crackcraft, --assetsDir, C:\Users\caela\curseforge\minecraft\Install\assets, --uuid, 387ff9dfe3294407bb184d320b793e16, --username, Ve_iR, --assetIndex, 5, --accessToken, ????????, --clientId, OGM5ZTA5ZGMtZGI5OC00NzhkLWEzNzgtZjZjNDEwMDk1Mjg2, --xuid, 2535472296987730, --userType, msa, --versionType, release, --width, 1024, --height, 768, --quickPlayPath, C:\Users\caela\curseforge\minecraft\Install\quickPlay\java\1736432262944.json]
[00:17:50] [main/WARN]: Reference map 'EpheroLib-refmap.json' for epherolib.mixins.json could not be read. If this is a development environment you can ignore this message
[00:17:50] [main/WARN]: Reference map 'handcrafted-forge-1.20.1-forge-refmap.json' for handcrafted.mixins.json could not be read. If this is a development environment you can ignore this message
[00:17:50] [main/WARN]: Error loading class: vectorwing/farmersdelight/client/renderer/HangingCanvasSignRenderer (java.lang.ClassNotFoundException: vectorwing.farmersdelight.client.renderer.HangingCanvasSignRenderer)
[00:17:50] [main/WARN]: Error loading class: vectorwing/farmersdelight/client/renderer/CanvasSignRenderer (java.lang.ClassNotFoundException: vectorwing.farmersdelight.client.renderer.CanvasSignRenderer)
[00:17:51] [main/INFO]: Patching IForgeItemStack#getEnchantmentLevel
[00:17:51] [main/INFO]: Patching IForgeItemStack#getEnchantmentLevel
[00:17:51] [main/INFO]: Replaced 2 calls to Enchantment#getMaxLevel() in net/minecraft/world/inventory/AnvilMenu
[00:17:51] [main/WARN]: Error loading class: org/violetmoon/quark/content/tweaks/module/GoldToolsHaveFortuneModule (java.lang.ClassNotFoundException: org.violetmoon.quark.content.tweaks.module.GoldToolsHaveFortuneModule)
[00:17:51] [main/INFO]: Patching IForgeItemStack#getEnchantmentLevel
[00:17:51] [main/INFO]: Patching IForgeItemStack#getEnchantmentLevel
[00:17:51] [main/WARN]: Error loading class: com/hollingsworth/arsnouveau/common/items/SpellCrossbow (java.lang.ClassNotFoundException: com.hollingsworth.arsnouveau.common.items.SpellCrossbow)
[00:17:51] [main/WARN]: Error loading class: org/violetmoon/quark/content/client/tooltip/AttributeTooltips (java.lang.ClassNotFoundException: org.violetmoon.quark.content.client.tooltip.AttributeTooltips)
[00:17:51] [main/INFO]: Replaced 2 calls to Enchantment#getMaxLevel() in net/minecraft/world/item/CreativeModeTabs
[00:17:52] [main/WARN]: Error loading class: vectorwing/farmersdelight/common/block/TomatoVineBlock (java.lang.ClassNotFoundException: vectorwing.farmersdelight.common.block.TomatoVineBlock)
[00:17:52] [main/WARN]: Error loading class: me/jellysquid/mods/sodium/client/render/chunk/compile/pipeline/FluidRenderer (java.lang.ClassNotFoundException: me.jellysquid.mods.sodium.client.render.chunk.compile.pipeline.FluidRenderer)
[00:17:52] [main/WARN]: Error loading class: net/raphimc/immediatelyfast/feature/map_atlas_generation/MapAtlasTexture (java.lang.ClassNotFoundException: net.raphimc.immediatelyfast.feature.map_atlas_generation.MapAtlasTexture)
[00:17:52] [main/WARN]: Error loading class: mekanism/client/render/entity/RenderFlame (java.lang.ClassNotFoundException: mekanism.client.render.entity.RenderFlame)
[00:17:52] [main/WARN]: Error loading class: mekanism/client/render/armor/MekaSuitArmor (java.lang.ClassNotFoundException: mekanism.client.render.armor.MekaSuitArmor)
[00:17:53] [main/WARN]: Error loading class: dev/latvian/mods/kubejs/recipe/RecipesEventJS (java.lang.ClassNotFoundException: dev.latvian.mods.kubejs.recipe.RecipesEventJS)
[00:17:53] [main/WARN]: @Mixin target dev.latvian.mods.kubejs.recipe.RecipesEventJS was not found sliceanddice.mixins.json:RecipeEventJSMixin
[00:17:53] [main/WARN]: Error loading class: earth/terrarium/botarium/forge/BotariumForge (java.lang.ClassNotFoundException: earth.terrarium.botarium.forge.BotariumForge)
[00:17:53] [main/WARN]: @Mixin target earth.terrarium.botarium.forge.BotariumForge was not found create_central_kitchen.mixins.json:common.botarium.BotariumForgeMixin
[00:17:53] [main/WARN]: Error loading class: dan200/computercraft/shared/integration/MoreRedIntegration (java.lang.ClassNotFoundException: dan200.computercraft.shared.integration.MoreRedIntegration)
[00:17:53] [main/WARN]: @Mixin target dan200.computercraft.shared.integration.MoreRedIntegration was not found create_central_kitchen.mixins.json:common.computercraft.MoreRedIntegrationMixin
[00:17:53] [main/WARN]: Error loading class: vectorwing/farmersdelight/common/block/entity/BasketBlockEntity (java.lang.ClassNotFoundException: vectorwing.farmersdelight.common.block.entity.BasketBlockEntity)
[00:17:53] [main/WARN]: @Mixin target vectorwing.farmersdelight.common.block.entity.BasketBlockEntity was not found create_central_kitchen.mixins.json:common.farmersdelight.BasketBlockEntityAccessor
[00:17:53] [main/WARN]: Error loading class: vectorwing/farmersdelight/common/block/entity/BasketBlockEntity (java.lang.ClassNotFoundException: vectorwing.farmersdelight.common.block.entity.BasketBlockEntity)
[00:17:53] [main/WARN]: @Mixin target vectorwing.farmersdelight.common.block.entity.BasketBlockEntity was not found create_central_kitchen.mixins.json:common.farmersdelight.BasketBlockEntityMixin
[00:17:53] [main/WARN]: Error loading class: vectorwing/farmersdelight/common/block/entity/CookingPotBlockEntity (java.lang.ClassNotFoundException: vectorwing.farmersdelight.common.block.entity.CookingPotBlockEntity)
[00:17:53] [main/WARN]: @Mixin target vectorwing.farmersdelight.common.block.entity.CookingPotBlockEntity was not found create_central_kitchen.mixins.json:common.farmersdelight.CookingPotBlockEntityMixin
[00:17:53] [main/WARN]: Error loading class: vectorwing/farmersdelight/common/block/PieBlock (java.lang.ClassNotFoundException: vectorwing.farmersdelight.common.block.PieBlock)
[00:17:53] [main/WARN]: @Mixin target vectorwing.farmersdelight.common.block.PieBlock was not found create_central_kitchen.mixins.json:common.farmersdelight.PieBlockMixin
[00:17:53] [main/WARN]: Error loading class: vectorwing/farmersdelight/common/block/entity/SkilletBlockEntity (java.lang.ClassNotFoundException: vectorwing.farmersdelight.common.block.entity.SkilletBlockEntity)
[00:17:53] [main/WARN]: @Mixin target vectorwing.farmersdelight.common.block.entity.SkilletBlockEntity was not found create_central_kitchen.mixins.json:common.farmersdelight.SkilletBlockEntityAccessor
[00:17:53] [main/WARN]: Error loading class: com/sammy/minersdelight/content/block/copper_pot/CopperPotBlockEntity (java.lang.ClassNotFoundException: com.sammy.minersdelight.content.block.copper_pot.CopperPotBlockEntity)
[00:17:53] [main/WARN]: @Mixin target com.sammy.minersdelight.content.block.copper_pot.CopperPotBlockEntity was not found create_central_kitchen.mixins.json:common.minersdelight.CopperPotBlockEntityMixin
[00:17:53] [main/WARN]: Error loading class: com/sammy/minersdelight/content/block/sticky_basket/StickyBasketBlockEntity (java.lang.ClassNotFoundException: com.sammy.minersdelight.content.block.sticky_basket.StickyBasketBlockEntity)
[00:17:53] [main/WARN]: @Mixin target com.sammy.minersdelight.content.block.sticky_basket.StickyBasketBlockEntity was not found create_central_kitchen.mixins.json:common.minersdelight.StickyBasketBlockEntityAccessor
[00:17:53] [main/WARN]: Error loading class: com/sammy/minersdelight/content/block/sticky_basket/StickyBasketBlockEntity (java.lang.ClassNotFoundException: com.sammy.minersdelight.content.block.sticky_basket.StickyBasketBlockEntity)
[00:17:53] [main/WARN]: @Mixin target com.sammy.minersdelight.content.block.sticky_basket.StickyBasketBlockEntity was not found create_central_kitchen.mixins.json:common.minersdelight.StickyBasketBlockEntityMixin
[00:17:53] [main/WARN]: Error loading class: net/orcinus/overweightfarming/blocks/CropFullBlock (java.lang.ClassNotFoundException: net.orcinus.overweightfarming.blocks.CropFullBlock)
[00:17:53] [main/WARN]: @Mixin target net.orcinus.overweightfarming.blocks.CropFullBlock was not found create_central_kitchen.mixins.json:common.overweightfarming.CropFullBlockMixin
[00:17:53] [main/INFO]: Initializing MixinExtras via com.llamalad7.mixinextras.service.MixinExtrasServiceImpl(version=0.3.6).
[00:17:54] [main/INFO]: BeforeConstant is searching for constants in method with descriptor (Lnet/minecraft/network/chat/Component;Z)V
[00:17:54] [main/INFO]:   BeforeConstant found INTEGER constant: value = 0, intValue = null
[00:17:54] [main/INFO]:     BeforeConstant found a matching constant TYPE at ordinal 0
[00:17:54] [main/INFO]:       BeforeConstant found Insn [ICONST_0] 
[00:17:54] [main/INFO]:   BeforeConstant found INTEGER constant: value = 60, intValue = null
[00:17:54] [main/INFO]:     BeforeConstant found a matching constant TYPE at ordinal 1
[00:17:54] [main/INFO]:       BeforeConstant found IntInsn 60
[00:17:55] [main/INFO]: Patching EffectRenderingInventoryScreen#renderEffects
[00:17:55] [main/INFO]: Patching EffectRenderingInventoryScreen#renderEffects
[00:17:55] [pool-4-thread-1/INFO]: Replaced 2 calls to Enchantment#getMaxLevel() in net/minecraft/world/item/CreativeModeTabs
[00:17:56] [pool-4-thread-1/INFO]: Patching IForgeItemStack#getEnchantmentLevel
[00:17:56] [pool-4-thread-1/INFO]: Patching IForgeItemStack#getEnchantmentLevel
[00:17:56] [pool-4-thread-1/INFO]: Replaced 2 calls to Enchantment#getMaxLevel() in net/minecraft/world/inventory/AnvilMenu
[00:17:58] [Datafixer Bootstrap/INFO]: 188 Datafixer optimizations took 155 milliseconds
[00:17:58] [pool-4-thread-1/INFO]: Patching FishingHook#catchingFish
[00:17:58] [pool-4-thread-1/INFO]: Replaced 1 calls to Enchantment#getMaxLevel() in net/minecraft/world/level/storage/loot/functions/EnchantRandomlyFunction
[00:17:58] [pool-4-thread-1/INFO]: Replaced 1 calls to Enchantment#isDiscoverable() in net/minecraft/world/level/storage/loot/functions/EnchantRandomlyFunction
[00:17:59] [Render thread/WARN]: Error loading class: net/caffeinemc/mods/sodium/api/memory/MemoryIntrinsics (java.lang.ClassNotFoundException: net.caffeinemc.mods.sodium.api.memory.MemoryIntrinsics)
